-------------------------------------------------------------------------------
Test set: com.programa.ps_1_13Test
-------------------------------------------------------------------------------
Tests run: 1, Failures: 1, Errors: 0, Skipped: 0, Time elapsed: 0.003 s <<< FAILURE! -- in com.programa.ps_1_13Test
com.programa.ps_1_13Test.testCalculosPrisma -- Time elapsed: 0.002 s <<< FAILURE!
org.opentest4j.AssertionFailedError: ps_1_13 - testCalculosPrisma: Ãrea de la base incorrecta (esperado 43.0) ==> expected: <43.0> but was: <0.0>
	at org.junit.jupiter.api.AssertionFailureBuilder.build(AssertionFailureBuilder.java:151)
	at org.junit.jupiter.api.AssertionFailureBuilder.buildAndThrow(AssertionFailureBuilder.java:132)
	at org.junit.jupiter.api.AssertEquals.failNotEqual(AssertEquals.java:197)
	at org.junit.jupiter.api.AssertEquals.assertEquals(AssertEquals.java:86)
	at org.junit.jupiter.api.Assertions.assertEquals(Assertions.java:1020)
	at com.programa.ps_1_13Test.testCalculosPrisma(ps_1_13Test.java:22)
	at java.base/java.lang.reflect.Method.invoke(Method.java:580)
	at java.base/java.util.ArrayList.forEach(ArrayList.java:1596)
	at java.base/java.util.ArrayList.forEach(ArrayList.java:1596)

