-------------------------------------------------------------------------------
Test set: com.programa.problema_1_5Test
-------------------------------------------------------------------------------
Tests run: 2, Failures: 1, Errors: 0, Skipped: 0, Time elapsed: 0.008 s <<< FAILURE! -- in com.programa.problema_1_5Test
com.programa.problema_1_5Test.testCalculosRegulares -- Time elapsed: 0.002 s <<< FAILURE!
org.opentest4j.AssertionFailedError: problema_1_5 - testCalculosRegulares: Volumen incorrecto para radio=10, altura=5 ==> expected: <1570.7963> but was: <0.0>
	at org.junit.jupiter.api.AssertionFailureBuilder.build(AssertionFailureBuilder.java:151)
	at org.junit.jupiter.api.AssertionFailureBuilder.buildAndThrow(AssertionFailureBuilder.java:132)
	at org.junit.jupiter.api.AssertEquals.failNotEqual(AssertEquals.java:197)
	at org.junit.jupiter.api.AssertEquals.assertEquals(AssertEquals.java:86)
	at org.junit.jupiter.api.Assertions.assertEquals(Assertions.java:1020)
	at com.programa.problema_1_5Test.testCalculosRegulares(problema_1_5Test.java:24)
	at java.base/java.lang.reflect.Method.invoke(Method.java:580)
	at java.base/java.util.ArrayList.forEach(ArrayList.java:1596)
	at java.base/java.util.ArrayList.forEach(ArrayList.java:1596)

